2020.06.29 18:55:26 INFO  started: Metals version 0.9.0 in workspace 'C:\Users\jagrogan\OneDrive - Microsoft\projects\distributeDb-dpas-su20\hotspot-analysis'
2020.06.29 18:55:28 INFO  time: initialize in 2.58s
Jun 29, 2020 6:55:30 PM org.eclipse.lsp4j.jsonrpc.RemoteEndpoint handleNotification
WARNING: Notification threw an exception: {
  "jsonrpc": "2.0",
  "method": "initialized",
  "params": {}
}
java.lang.RuntimeException: java.lang.reflect.InvocationTargetException
	at org.eclipse.lsp4j.jsonrpc.services.GenericEndpoint.lambda$null$0(GenericEndpoint.java:67)
	at org.eclipse.lsp4j.jsonrpc.services.GenericEndpoint.notify(GenericEndpoint.java:152)
	at org.eclipse.lsp4j.jsonrpc.RemoteEndpoint.handleNotification(RemoteEndpoint.java:220)
	at org.eclipse.lsp4j.jsonrpc.RemoteEndpoint.consume(RemoteEndpoint.java:187)
	at org.eclipse.lsp4j.jsonrpc.json.StreamMessageProducer.handleMessage(StreamMessageProducer.java:194)
	at org.eclipse.lsp4j.jsonrpc.json.StreamMessageProducer.listen(StreamMessageProducer.java:94)
	at org.eclipse.lsp4j.jsonrpc.json.ConcurrentMessageProcessor.run(ConcurrentMessageProcessor.java:113)
	at java.base/java.util.concurrent.Executors$RunnableAdapter.call(Executors.java:515)
	at java.base/java.util.concurrent.FutureTask.run(FutureTask.java:264)
	at java.base/java.util.concurrent.ThreadPoolExecutor.runWorker(ThreadPoolExecutor.java:1128)
	at java.base/java.util.concurrent.ThreadPoolExecutor$Worker.run(ThreadPoolExecutor.java:628)
	at java.base/java.lang.Thread.run(Thread.java:834)
Caused by: java.lang.reflect.InvocationTargetException
	at java.base/jdk.internal.reflect.NativeMethodAccessorImpl.invoke0(Native Method)
	at java.base/jdk.internal.reflect.NativeMethodAccessorImpl.invoke(NativeMethodAccessorImpl.java:62)
	at java.base/jdk.internal.reflect.DelegatingMethodAccessorImpl.invoke(DelegatingMethodAccessorImpl.java:43)
	at java.base/java.lang.reflect.Method.invoke(Method.java:566)
	at org.eclipse.lsp4j.jsonrpc.services.GenericEndpoint.lambda$null$0(GenericEndpoint.java:65)
	... 11 more
Caused by: java.lang.NumberFormatException: For input string: "<unknown>"
	at java.base/java.lang.NumberFormatException.forInputString(NumberFormatException.java:65)
	at java.base/java.lang.Integer.parseInt(Integer.java:652)
	at java.base/java.lang.Integer.parseInt(Integer.java:770)
	at scala.collection.immutable.StringLike.toInt(StringLike.scala:304)
	at scala.collection.immutable.StringLike.toInt$(StringLike.scala:304)
	at scala.collection.immutable.StringOps.toInt(StringOps.scala:33)
	at scala.meta.internal.semver.SemVer$Version$.$anonfun$fromString$1(SemVer.scala:18)
	at scala.meta.internal.semver.SemVer$Version$.$anonfun$fromString$1$adapted(SemVer.scala:18)
	at scala.collection.TraversableLike.$anonfun$map$1(TraversableLike.scala:273)
	at scala.collection.IndexedSeqOptimized.foreach(IndexedSeqOptimized.scala:36)
	at scala.collection.IndexedSeqOptimized.foreach$(IndexedSeqOptimized.scala:33)
	at scala.collection.mutable.ArrayOps$ofRef.foreach(ArrayOps.scala:198)
	at scala.collection.TraversableLike.map(TraversableLike.scala:273)
	at scala.collection.TraversableLike.map$(TraversableLike.scala:266)
	at scala.collection.mutable.ArrayOps$ofRef.map(ArrayOps.scala:198)
	at scala.meta.internal.semver.SemVer$Version$.fromString(SemVer.scala:18)
	at scala.meta.internal.semver.SemVer$.isCompatibleVersion(SemVer.scala:25)
	at scala.meta.internal.metals.MetalsLanguageServer.supportedBuildTool(MetalsLanguageServer.scala:1408)
	at scala.meta.internal.metals.MetalsLanguageServer.slowConnectToBuildServer(MetalsLanguageServer.scala:1429)
	at scala.meta.internal.metals.MetalsLanguageServer.initialized(MetalsLanguageServer.scala:648)
	... 16 more

Jun 29, 2020 6:57:45 PM org.eclipse.lsp4j.jsonrpc.services.GenericEndpoint notify
INFO: Unsupported notification method: $/setTraceNotification
2020.06.29 19:02:38 INFO  no build target: using presentation compiler with only scala-library
2020.06.29 19:02:43 WARN  no build target for: C:\Users\jagrogan\OneDrive - Microsoft\projects\distributeDb-dpas-su20\hotspot-analysis\src\main\scala\cse512\HotcellUtils.scala
2020.06.29 19:02:49 WARN  no build target for: C:\Users\jagrogan\OneDrive - Microsoft\projects\distributeDb-dpas-su20\hotspot-analysis\src\main\scala\cse512\HotcellAnalysis.scala
2020.06.29 19:52:49 WARN  code navigation does not work for the file 'C:\Users\jagrogan\OneDrive - Microsoft\projects\distributeDb-dpas-su20\hotspot-analysis\src\main\scala\cse512\HotcellAnalysis.scala' because it doesn't belong to a build target.
2020.06.29 19:52:49 WARN  code navigation does not work for the file 'C:\Users\jagrogan\OneDrive - Microsoft\projects\distributeDb-dpas-su20\hotspot-analysis\src\main\scala\cse512\HotcellAnalysis.scala' because it doesn't belong to a build target.
2020.06.29 19:52:49 WARN  code navigation does not work for the file 'C:\Users\jagrogan\OneDrive - Microsoft\projects\distributeDb-dpas-su20\hotspot-analysis\src\main\scala\cse512\HotcellAnalysis.scala' because it doesn't belong to a build target.
2020.06.29 20:08:43 WARN  code navigation does not work for the file 'C:\Users\jagrogan\OneDrive - Microsoft\projects\distributeDb-dpas-su20\hotspot-analysis\src\main\scala\cse512\HotcellAnalysis.scala' because it doesn't belong to a build target.
2020.06.29 20:08:43 WARN  code navigation does not work for the file 'C:\Users\jagrogan\OneDrive - Microsoft\projects\distributeDb-dpas-su20\hotspot-analysis\src\main\scala\cse512\HotcellAnalysis.scala' because it doesn't belong to a build target.
2020.06.30 05:24:01 WARN  no build target for: C:\Users\jagrogan\OneDrive - Microsoft\projects\distributeDb-dpas-su20\hotspot-analysis\src\main\scala\cse512\HotcellAnalysis.scala
2020.06.30 05:24:51 INFO  shutting down Metals
2020.07.01 16:12:25 INFO  started: Metals version 0.9.1 in workspace 'C:\Users\jagrogan\OneDrive - Microsoft\projects\distributeDb-dpas-su20\hotspot-analysis'
2020.07.01 16:12:27 INFO  time: initialize in 1.66s
2020.07.01 16:12:27 WARN  resetting database: C:\Users\jagrogan\OneDrive - Microsoft\projects\distributeDb-dpas-su20\hotspot-analysis\.metals\metals.h2.db
2020.07.01 16:12:27 INFO  no build target: using presentation compiler with only scala-library
2020.07.01 16:12:31 WARN  no build target for: C:\Users\jagrogan\OneDrive - Microsoft\projects\distributeDb-dpas-su20\hotspot-analysis\src\main\scala\cse512\HotcellAnalysis.scala
2020.07.01 16:15:40 INFO  shutting down Metals
